app/build/intermediates/manifest_merge_blame_file/debug/manifest-merger-blame-debug-report.txt
1<?xml version="1.0" encoding="utf-8"?>
2<manifest xmlns:android="http://schemas.android.com/apk/res/android"
3    package="org.mark.moonmeet"
4    android:versionCode="2"
5    android:versionName="2.8.0" >
6
7    <uses-sdk
8        android:minSdkVersion="21"
8-->src\main\AndroidManifest.xml
9        android:targetSdkVersion="30" />
9-->src\main\AndroidManifest.xml
10
11    <uses-permission android:name="android.permission.INTERNET" />
11-->src\main\AndroidManifest.xml:5:5-67
11-->src\main\AndroidManifest.xml:5:22-64
12    <uses-permission android:name="android.permission.VIBRATE" />
12-->src\main\AndroidManifest.xml:6:5-66
12-->src\main\AndroidManifest.xml:6:22-63
13    <uses-permission android:name="android.permission.ACCESS_NETWORK_STATE" />
13-->src\main\AndroidManifest.xml:7:5-79
13-->src\main\AndroidManifest.xml:7:22-76
14    <uses-permission android:name="android.permission.CAMERA" />
14-->src\main\AndroidManifest.xml:8:5-65
14-->src\main\AndroidManifest.xml:8:22-62
15    <uses-permission android:name="android.permission.READ_EXTERNAL_STORAGE" />
15-->src\main\AndroidManifest.xml:9:5-80
15-->src\main\AndroidManifest.xml:9:22-77
16    <uses-permission android:name="android.permission.WRITE_EXTERNAL_STORAGE" />
16-->src\main\AndroidManifest.xml:10:5-81
16-->src\main\AndroidManifest.xml:10:22-78
17    <uses-permission android:name="android.permission.RECORD_AUDIO" />
17-->src\main\AndroidManifest.xml:11:5-71
17-->src\main\AndroidManifest.xml:11:22-68
18    <uses-permission android:name="android.permission.MANAGE_EXTERNAL_STORAGE" />
18-->src\main\AndroidManifest.xml:12:5-82
18-->src\main\AndroidManifest.xml:12:22-79
19    <uses-permission android:name="android.permission.USE_FINGERPRINT" />
19-->src\main\AndroidManifest.xml:13:5-74
19-->src\main\AndroidManifest.xml:13:22-71
20
21    <application
21-->src\main\AndroidManifest.xml:15:5-321:19
22        android:name="org.mark.moonmeet.MoonMeetApplication"
22-->src\main\AndroidManifest.xml:16:9-44
23        android:allowBackup="true"
23-->src\main\AndroidManifest.xml:17:9-35
24        android:appComponentFactory="androidx.core.app.CoreComponentFactory"
24-->src\main\AndroidManifest.xml:18:9-77
25        android:debuggable="true"
26        android:fullBackupContent="true"
26-->src\main\AndroidManifest.xml:19:9-41
27        android:hardwareAccelerated="true"
27-->src\main\AndroidManifest.xml:20:9-43
28        android:icon="@drawable/app_icon"
28-->src\main\AndroidManifest.xml:21:9-42
29        android:label="@string/app_name"
29-->src\main\AndroidManifest.xml:22:9-41
30        android:requestLegacyExternalStorage="true"
30-->src\main\AndroidManifest.xml:23:9-52
31        android:supportsRtl="true"
31-->src\main\AndroidManifest.xml:24:9-35
32        android:testOnly="true"
33        android:theme="@style/MoonMeet"
33-->src\main\AndroidManifest.xml:25:9-40
34        android:usesCleartextTraffic="true" >
34-->src\main\AndroidManifest.xml:26:9-44
35        <activity
35-->src\main\AndroidManifest.xml:27:9-40:20
36            android:name="org.mark.moonmeet.MainActivity"
36-->src\main\AndroidManifest.xml:28:13-41
37            android:configChanges="orientation|screenSize|keyboardHidden|smallestScreenSize|screenLayout"
37-->src\main\AndroidManifest.xml:29:13-106
38            android:exported="true"
38-->src\main\AndroidManifest.xml:30:13-36
39            android:hardwareAccelerated="true"
39-->src\main\AndroidManifest.xml:31:13-47
40            android:launchMode="singleTask"
40-->src\main\AndroidManifest.xml:32:13-44
41            android:screenOrientation="fullSensor"
41-->src\main\AndroidManifest.xml:33:13-51
42            android:supportsPictureInPicture="true" >
42-->src\main\AndroidManifest.xml:34:13-52
43            <intent-filter>
43-->src\main\AndroidManifest.xml:35:13-39:29
44                <action android:name="android.intent.action.MAIN" />
44-->src\main\AndroidManifest.xml:36:17-69
44-->src\main\AndroidManifest.xml:36:25-66
45
46                <category android:name="android.intent.category.LAUNCHER" />
46-->src\main\AndroidManifest.xml:38:17-77
46-->src\main\AndroidManifest.xml:38:27-74
47            </intent-filter>
48        </activity>
49        <activity
49-->src\main\AndroidManifest.xml:41:9-43:39
50            android:name="org.mark.moonmeet.BaseActivity"
50-->src\main\AndroidManifest.xml:42:13-41
51            android:exported="true" />
51-->src\main\AndroidManifest.xml:43:13-36
52        <activity
52-->src\main\AndroidManifest.xml:44:9-49:55
53            android:name="org.mark.moonmeet.IntroActivity"
53-->src\main\AndroidManifest.xml:45:13-42
54            android:configChanges="orientation|screenSize|keyboardHidden|smallestScreenSize|screenLayout"
54-->src\main\AndroidManifest.xml:46:13-106
55            android:hardwareAccelerated="true"
55-->src\main\AndroidManifest.xml:47:13-47
56            android:screenOrientation="fullSensor"
56-->src\main\AndroidManifest.xml:48:13-51
57            android:supportsPictureInPicture="true" />
57-->src\main\AndroidManifest.xml:49:13-52
58        <activity
58-->src\main\AndroidManifest.xml:50:9-56:57
59            android:name="org.mark.moonmeet.OtpActivity"
59-->src\main\AndroidManifest.xml:51:13-40
60            android:configChanges="orientation|screenSize|keyboardHidden|smallestScreenSize|screenLayout"
60-->src\main\AndroidManifest.xml:52:13-106
61            android:hardwareAccelerated="true"
61-->src\main\AndroidManifest.xml:53:13-47
62            android:screenOrientation="fullSensor"
62-->src\main\AndroidManifest.xml:54:13-51
63            android:supportsPictureInPicture="true"
63-->src\main\AndroidManifest.xml:55:13-52
64            android:windowSoftInputMode="stateHidden" />
64-->src\main\AndroidManifest.xml:56:13-54
65        <activity
65-->src\main\AndroidManifest.xml:57:9-63:57
66            android:name="org.mark.moonmeet.CountrycodeActivity"
66-->src\main\AndroidManifest.xml:58:13-48
67            android:configChanges="orientation|screenSize|keyboardHidden|smallestScreenSize|screenLayout"
67-->src\main\AndroidManifest.xml:59:13-106
68            android:hardwareAccelerated="true"
68-->src\main\AndroidManifest.xml:60:13-47
69            android:screenOrientation="fullSensor"
69-->src\main\AndroidManifest.xml:61:13-51
70            android:supportsPictureInPicture="true"
70-->src\main\AndroidManifest.xml:62:13-52
71            android:windowSoftInputMode="stateHidden" />
71-->src\main\AndroidManifest.xml:63:13-54
72        <activity
72-->src\main\AndroidManifest.xml:64:9-70:57
73            android:name="org.mark.moonmeet.SetupActivity"
73-->src\main\AndroidManifest.xml:65:13-42
74            android:configChanges="orientation|screenSize|keyboardHidden|smallestScreenSize|screenLayout"
74-->src\main\AndroidManifest.xml:66:13-106
75            android:hardwareAccelerated="true"
75-->src\main\AndroidManifest.xml:67:13-47
76            android:screenOrientation="fullSensor"
76-->src\main\AndroidManifest.xml:68:13-51
77            android:supportsPictureInPicture="true"
77-->src\main\AndroidManifest.xml:69:13-52
78            android:windowSoftInputMode="stateHidden" />
78-->src\main\AndroidManifest.xml:70:13-54
79        <activity
79-->src\main\AndroidManifest.xml:71:9-76:55
80            android:name="org.mark.moonmeet.LaunchActivity"
80-->src\main\AndroidManifest.xml:72:13-43
81            android:configChanges="orientation|screenSize|keyboardHidden|smallestScreenSize|screenLayout"
81-->src\main\AndroidManifest.xml:73:13-106
82            android:hardwareAccelerated="true"
82-->src\main\AndroidManifest.xml:74:13-47
83            android:screenOrientation="fullSensor"
83-->src\main\AndroidManifest.xml:75:13-51
84            android:supportsPictureInPicture="true" />
84-->src\main\AndroidManifest.xml:76:13-52
85        <activity
85-->src\main\AndroidManifest.xml:77:9-84:57
86            android:name="org.mark.moonmeet.TermsandprivacyActivity"
86-->src\main\AndroidManifest.xml:78:13-52
87            android:configChanges="orientation|screenSize|keyboardHidden|smallestScreenSize|screenLayout"
87-->src\main\AndroidManifest.xml:79:13-106
88            android:hardwareAccelerated="true"
88-->src\main\AndroidManifest.xml:80:13-47
89            android:screenOrientation="fullSensor"
89-->src\main\AndroidManifest.xml:81:13-51
90            android:supportsPictureInPicture="true"
90-->src\main\AndroidManifest.xml:82:13-52
91            android:theme="@style/MoonMeet"
91-->src\main\AndroidManifest.xml:83:13-44
92            android:windowSoftInputMode="stateHidden" />
92-->src\main\AndroidManifest.xml:84:13-54
93        <activity
93-->src\main\AndroidManifest.xml:85:9-92:57
94            android:name="org.mark.moonmeet.NewstoryActivity"
94-->src\main\AndroidManifest.xml:86:13-45
95            android:configChanges="orientation|screenSize|keyboardHidden|smallestScreenSize|screenLayout"
95-->src\main\AndroidManifest.xml:87:13-106
96            android:hardwareAccelerated="true"
96-->src\main\AndroidManifest.xml:88:13-47
97            android:screenOrientation="fullSensor"
97-->src\main\AndroidManifest.xml:89:13-51
98            android:supportsPictureInPicture="true"
98-->src\main\AndroidManifest.xml:90:13-52
99            android:theme="@style/MoonMeet"
99-->src\main\AndroidManifest.xml:91:13-44
100            android:windowSoftInputMode="stateHidden" />
100-->src\main\AndroidManifest.xml:92:13-54
101        <activity
101-->src\main\AndroidManifest.xml:93:9-100:57
102            android:name="org.mark.moonmeet.StoryActivity"
102-->src\main\AndroidManifest.xml:94:13-42
103            android:configChanges="orientation|screenSize|keyboardHidden|smallestScreenSize|screenLayout"
103-->src\main\AndroidManifest.xml:95:13-106
104            android:hardwareAccelerated="true"
104-->src\main\AndroidManifest.xml:96:13-47
105            android:screenOrientation="fullSensor"
105-->src\main\AndroidManifest.xml:97:13-51
106            android:supportsPictureInPicture="true"
106-->src\main\AndroidManifest.xml:98:13-52
107            android:theme="@style/MoonMeet"
107-->src\main\AndroidManifest.xml:99:13-44
108            android:windowSoftInputMode="stateHidden" />
108-->src\main\AndroidManifest.xml:100:13-54
109        <activity
109-->src\main\AndroidManifest.xml:101:9-108:57
110            android:name="org.mark.moonmeet.SearchActivity"
110-->src\main\AndroidManifest.xml:102:13-43
111            android:configChanges="orientation|screenSize|keyboardHidden|smallestScreenSize|screenLayout"
111-->src\main\AndroidManifest.xml:103:13-106
112            android:hardwareAccelerated="true"
112-->src\main\AndroidManifest.xml:104:13-47
113            android:screenOrientation="fullSensor"
113-->src\main\AndroidManifest.xml:105:13-51
114            android:supportsPictureInPicture="true"
114-->src\main\AndroidManifest.xml:106:13-52
115            android:theme="@style/MoonMeet"
115-->src\main\AndroidManifest.xml:107:13-44
116            android:windowSoftInputMode="stateHidden" />
116-->src\main\AndroidManifest.xml:108:13-54
117        <activity
117-->src\main\AndroidManifest.xml:109:9-116:57
118            android:name="org.mark.moonmeet.StoryviewActivity"
118-->src\main\AndroidManifest.xml:110:13-46
119            android:configChanges="orientation|screenSize|keyboardHidden|smallestScreenSize|screenLayout"
119-->src\main\AndroidManifest.xml:111:13-106
120            android:hardwareAccelerated="true"
120-->src\main\AndroidManifest.xml:112:13-47
121            android:screenOrientation="fullSensor"
121-->src\main\AndroidManifest.xml:113:13-51
122            android:supportsPictureInPicture="true"
122-->src\main\AndroidManifest.xml:114:13-52
123            android:theme="@style/MoonMeet"
123-->src\main\AndroidManifest.xml:115:13-44
124            android:windowSoftInputMode="stateHidden" />
124-->src\main\AndroidManifest.xml:116:13-54
125        <activity
125-->src\main\AndroidManifest.xml:117:9-124:57
126            android:name="org.mark.moonmeet.DiscoverActivity"
126-->src\main\AndroidManifest.xml:118:13-45
127            android:configChanges="orientation|screenSize|keyboardHidden|smallestScreenSize|screenLayout"
127-->src\main\AndroidManifest.xml:119:13-106
128            android:hardwareAccelerated="true"
128-->src\main\AndroidManifest.xml:120:13-47
129            android:screenOrientation="fullSensor"
129-->src\main\AndroidManifest.xml:121:13-51
130            android:supportsPictureInPicture="true"
130-->src\main\AndroidManifest.xml:122:13-52
131            android:theme="@style/MoonMeet"
131-->src\main\AndroidManifest.xml:123:13-44
132            android:windowSoftInputMode="stateHidden" />
132-->src\main\AndroidManifest.xml:124:13-54
133        <activity
133-->src\main\AndroidManifest.xml:125:9-132:58
134            android:name="org.mark.moonmeet.ChatActivity"
134-->src\main\AndroidManifest.xml:126:13-41
135            android:configChanges="orientation|screenSize|keyboardHidden|smallestScreenSize|screenLayout"
135-->src\main\AndroidManifest.xml:127:13-106
136            android:hardwareAccelerated="true"
136-->src\main\AndroidManifest.xml:128:13-47
137            android:screenOrientation="fullSensor"
137-->src\main\AndroidManifest.xml:129:13-51
138            android:supportsPictureInPicture="true"
138-->src\main\AndroidManifest.xml:130:13-52
139            android:theme="@style/MoonMeet"
139-->src\main\AndroidManifest.xml:131:13-44
140            android:windowSoftInputMode="adjustResize" />
140-->src\main\AndroidManifest.xml:132:13-55
141        <activity
141-->src\main\AndroidManifest.xml:133:9-140:57
142            android:name="org.mark.moonmeet.SettingsActivity"
142-->src\main\AndroidManifest.xml:134:13-45
143            android:configChanges="orientation|screenSize|keyboardHidden|smallestScreenSize|screenLayout"
143-->src\main\AndroidManifest.xml:135:13-106
144            android:hardwareAccelerated="true"
144-->src\main\AndroidManifest.xml:136:13-47
145            android:screenOrientation="fullSensor"
145-->src\main\AndroidManifest.xml:137:13-51
146            android:supportsPictureInPicture="true"
146-->src\main\AndroidManifest.xml:138:13-52
147            android:theme="@style/MoonMeet"
147-->src\main\AndroidManifest.xml:139:13-44
148            android:windowSoftInputMode="stateHidden" />
148-->src\main\AndroidManifest.xml:140:13-54
149        <activity
149-->src\main\AndroidManifest.xml:141:9-147:57
150            android:name="org.mark.moonmeet.ChangeusernameActivity"
150-->src\main\AndroidManifest.xml:142:13-51
151            android:configChanges="orientation|screenSize|keyboardHidden|smallestScreenSize|screenLayout"
151-->src\main\AndroidManifest.xml:143:13-106
152            android:hardwareAccelerated="true"
152-->src\main\AndroidManifest.xml:144:13-47
153            android:screenOrientation="fullSensor"
153-->src\main\AndroidManifest.xml:145:13-51
154            android:supportsPictureInPicture="true"
154-->src\main\AndroidManifest.xml:146:13-52
155            android:windowSoftInputMode="stateHidden" />
155-->src\main\AndroidManifest.xml:147:13-54
156        <activity
156-->src\main\AndroidManifest.xml:148:9-154:57
157            android:name="org.mark.moonmeet.ChangebioActivity"
157-->src\main\AndroidManifest.xml:149:13-46
158            android:configChanges="orientation|screenSize|keyboardHidden|smallestScreenSize|screenLayout"
158-->src\main\AndroidManifest.xml:150:13-106
159            android:hardwareAccelerated="true"
159-->src\main\AndroidManifest.xml:151:13-47
160            android:screenOrientation="fullSensor"
160-->src\main\AndroidManifest.xml:152:13-51
161            android:supportsPictureInPicture="true"
161-->src\main\AndroidManifest.xml:153:13-52
162            android:windowSoftInputMode="stateHidden" />
162-->src\main\AndroidManifest.xml:154:13-54
163        <activity
163-->src\main\AndroidManifest.xml:155:9-162:57
164            android:name="org.mark.moonmeet.UserprofileActivity"
164-->src\main\AndroidManifest.xml:156:13-48
165            android:configChanges="orientation|screenSize|keyboardHidden|smallestScreenSize|screenLayout"
165-->src\main\AndroidManifest.xml:157:13-106
166            android:hardwareAccelerated="true"
166-->src\main\AndroidManifest.xml:158:13-47
167            android:screenOrientation="fullSensor"
167-->src\main\AndroidManifest.xml:159:13-51
168            android:supportsPictureInPicture="true"
168-->src\main\AndroidManifest.xml:160:13-52
169            android:theme="@style/MoonMeet"
169-->src\main\AndroidManifest.xml:161:13-44
170            android:windowSoftInputMode="stateHidden" />
170-->src\main\AndroidManifest.xml:162:13-54
171        <activity
171-->src\main\AndroidManifest.xml:163:9-170:57
172            android:name="org.mark.moonmeet.PhotoviewerActivity"
172-->src\main\AndroidManifest.xml:164:13-48
173            android:configChanges="orientation|screenSize|keyboardHidden|smallestScreenSize|screenLayout"
173-->src\main\AndroidManifest.xml:165:13-106
174            android:hardwareAccelerated="true"
174-->src\main\AndroidManifest.xml:166:13-47
175            android:screenOrientation="fullSensor"
175-->src\main\AndroidManifest.xml:167:13-51
176            android:supportsPictureInPicture="true"
176-->src\main\AndroidManifest.xml:168:13-52
177            android:theme="@style/MoonMeet"
177-->src\main\AndroidManifest.xml:169:13-44
178            android:windowSoftInputMode="stateHidden" />
178-->src\main\AndroidManifest.xml:170:13-54
179        <activity
179-->src\main\AndroidManifest.xml:171:9-178:57
180            android:name="org.mark.moonmeet.DevicesActivity"
180-->src\main\AndroidManifest.xml:172:13-44
181            android:configChanges="orientation|screenSize|keyboardHidden|smallestScreenSize|screenLayout"
181-->src\main\AndroidManifest.xml:173:13-106
182            android:hardwareAccelerated="true"
182-->src\main\AndroidManifest.xml:174:13-47
183            android:screenOrientation="fullSensor"
183-->src\main\AndroidManifest.xml:175:13-51
184            android:supportsPictureInPicture="true"
184-->src\main\AndroidManifest.xml:176:13-52
185            android:theme="@style/MoonMeet"
185-->src\main\AndroidManifest.xml:177:13-44
186            android:windowSoftInputMode="stateHidden" />
186-->src\main\AndroidManifest.xml:178:13-54
187        <activity
187-->src\main\AndroidManifest.xml:179:9-186:57
188            android:name="org.mark.moonmeet.PrivacySettingsActivity"
188-->src\main\AndroidManifest.xml:180:13-52
189            android:configChanges="orientation|screenSize|keyboardHidden|smallestScreenSize|screenLayout"
189-->src\main\AndroidManifest.xml:181:13-106
190            android:hardwareAccelerated="true"
190-->src\main\AndroidManifest.xml:182:13-47
191            android:screenOrientation="fullSensor"
191-->src\main\AndroidManifest.xml:183:13-51
192            android:supportsPictureInPicture="true"
192-->src\main\AndroidManifest.xml:184:13-52
193            android:theme="@style/MoonMeet"
193-->src\main\AndroidManifest.xml:185:13-44
194            android:windowSoftInputMode="stateHidden" />
194-->src\main\AndroidManifest.xml:186:13-54
195        <activity
195-->src\main\AndroidManifest.xml:187:9-192:55
196            android:name="org.mark.moonmeet.PasscodeLockActivity"
196-->src\main\AndroidManifest.xml:188:13-49
197            android:configChanges="orientation|screenSize|keyboardHidden|smallestScreenSize|screenLayout"
197-->src\main\AndroidManifest.xml:189:13-106
198            android:hardwareAccelerated="true"
198-->src\main\AndroidManifest.xml:190:13-47
199            android:screenOrientation="fullSensor"
199-->src\main\AndroidManifest.xml:191:13-51
200            android:supportsPictureInPicture="true" />
200-->src\main\AndroidManifest.xml:192:13-52
201        <activity
201-->src\main\AndroidManifest.xml:193:9-198:55
202            android:name="org.mark.moonmeet.PasscodeSetupActivity"
202-->src\main\AndroidManifest.xml:194:13-50
203            android:configChanges="orientation|screenSize|keyboardHidden|smallestScreenSize|screenLayout"
203-->src\main\AndroidManifest.xml:195:13-106
204            android:hardwareAccelerated="true"
204-->src\main\AndroidManifest.xml:196:13-47
205            android:screenOrientation="fullSensor"
205-->src\main\AndroidManifest.xml:197:13-51
206            android:supportsPictureInPicture="true" />
206-->src\main\AndroidManifest.xml:198:13-52
207        <activity
207-->src\main\AndroidManifest.xml:199:9-206:57
208            android:name="org.mark.moonmeet.FaqInfoActivity"
208-->src\main\AndroidManifest.xml:200:13-44
209            android:configChanges="orientation|screenSize|keyboardHidden|smallestScreenSize|screenLayout"
209-->src\main\AndroidManifest.xml:201:13-106
210            android:hardwareAccelerated="true"
210-->src\main\AndroidManifest.xml:202:13-47
211            android:screenOrientation="fullSensor"
211-->src\main\AndroidManifest.xml:203:13-51
212            android:supportsPictureInPicture="true"
212-->src\main\AndroidManifest.xml:204:13-52
213            android:theme="@style/MoonMeet"
213-->src\main\AndroidManifest.xml:205:13-44
214            android:windowSoftInputMode="stateHidden" />
214-->src\main\AndroidManifest.xml:206:13-54
215        <activity
215-->src\main\AndroidManifest.xml:207:9-213:57
216            android:name="org.mark.moonmeet.EditNameActivity"
216-->src\main\AndroidManifest.xml:208:13-45
217            android:configChanges="orientation|screenSize|keyboardHidden|smallestScreenSize|screenLayout"
217-->src\main\AndroidManifest.xml:209:13-106
218            android:hardwareAccelerated="true"
218-->src\main\AndroidManifest.xml:210:13-47
219            android:screenOrientation="fullSensor"
219-->src\main\AndroidManifest.xml:211:13-51
220            android:supportsPictureInPicture="true"
220-->src\main\AndroidManifest.xml:212:13-52
221            android:windowSoftInputMode="stateHidden" />
221-->src\main\AndroidManifest.xml:213:13-54
222        <activity
222-->src\main\AndroidManifest.xml:214:9-220:57
223            android:name="org.mark.moonmeet.SignoutActivity"
223-->src\main\AndroidManifest.xml:215:13-44
224            android:configChanges="orientation|screenSize|keyboardHidden|smallestScreenSize|screenLayout"
224-->src\main\AndroidManifest.xml:216:13-106
225            android:hardwareAccelerated="true"
225-->src\main\AndroidManifest.xml:217:13-47
226            android:screenOrientation="fullSensor"
226-->src\main\AndroidManifest.xml:218:13-51
227            android:supportsPictureInPicture="true"
227-->src\main\AndroidManifest.xml:219:13-52
228            android:windowSoftInputMode="stateHidden" />
228-->src\main\AndroidManifest.xml:220:13-54
229        <activity
229-->src\main\AndroidManifest.xml:221:9-227:57
230            android:name="org.mark.moonmeet.AnnouncementsActivity"
230-->src\main\AndroidManifest.xml:222:13-50
231            android:configChanges="orientation|screenSize|keyboardHidden|smallestScreenSize|screenLayout"
231-->src\main\AndroidManifest.xml:223:13-106
232            android:hardwareAccelerated="true"
232-->src\main\AndroidManifest.xml:224:13-47
233            android:screenOrientation="fullSensor"
233-->src\main\AndroidManifest.xml:225:13-51
234            android:supportsPictureInPicture="true"
234-->src\main\AndroidManifest.xml:226:13-52
235            android:windowSoftInputMode="stateHidden" />
235-->src\main\AndroidManifest.xml:227:13-54
236        <activity
236-->src\main\AndroidManifest.xml:228:9-234:57
237            android:name="org.mark.moonmeet.AnnouncementPostActivity"
237-->src\main\AndroidManifest.xml:229:13-53
238            android:configChanges="orientation|screenSize|keyboardHidden|smallestScreenSize|screenLayout"
238-->src\main\AndroidManifest.xml:230:13-106
239            android:hardwareAccelerated="true"
239-->src\main\AndroidManifest.xml:231:13-47
240            android:screenOrientation="fullSensor"
240-->src\main\AndroidManifest.xml:232:13-51
241            android:supportsPictureInPicture="true"
241-->src\main\AndroidManifest.xml:233:13-52
242            android:windowSoftInputMode="stateHidden" />
242-->src\main\AndroidManifest.xml:234:13-54
243        <activity
243-->src\main\AndroidManifest.xml:235:9-241:57
244            android:name="org.mark.moonmeet.ShopActivity"
244-->src\main\AndroidManifest.xml:236:13-41
245            android:configChanges="orientation|screenSize|keyboardHidden|smallestScreenSize|screenLayout"
245-->src\main\AndroidManifest.xml:237:13-106
246            android:hardwareAccelerated="true"
246-->src\main\AndroidManifest.xml:238:13-47
247            android:screenOrientation="fullSensor"
247-->src\main\AndroidManifest.xml:239:13-51
248            android:supportsPictureInPicture="true"
248-->src\main\AndroidManifest.xml:240:13-52
249            android:windowSoftInputMode="stateHidden" />
249-->src\main\AndroidManifest.xml:241:13-54
250        <activity
250-->src\main\AndroidManifest.xml:242:9-248:57
251            android:name="org.mark.moonmeet.AddToSellActivity"
251-->src\main\AndroidManifest.xml:243:13-46
252            android:configChanges="orientation|screenSize|keyboardHidden|smallestScreenSize|screenLayout"
252-->src\main\AndroidManifest.xml:244:13-106
253            android:hardwareAccelerated="true"
253-->src\main\AndroidManifest.xml:245:13-47
254            android:screenOrientation="fullSensor"
254-->src\main\AndroidManifest.xml:246:13-51
255            android:supportsPictureInPicture="true"
255-->src\main\AndroidManifest.xml:247:13-52
256            android:windowSoftInputMode="stateHidden" />
256-->src\main\AndroidManifest.xml:248:13-54
257        <activity
257-->src\main\AndroidManifest.xml:249:9-255:57
258            android:name="org.mark.moonmeet.ViewShopActivity"
258-->src\main\AndroidManifest.xml:250:13-45
259            android:configChanges="orientation|screenSize|keyboardHidden|smallestScreenSize|screenLayout"
259-->src\main\AndroidManifest.xml:251:13-106
260            android:hardwareAccelerated="true"
260-->src\main\AndroidManifest.xml:252:13-47
261            android:screenOrientation="fullSensor"
261-->src\main\AndroidManifest.xml:253:13-51
262            android:supportsPictureInPicture="true"
262-->src\main\AndroidManifest.xml:254:13-52
263            android:windowSoftInputMode="stateHidden" />
263-->src\main\AndroidManifest.xml:255:13-54
264        <activity
264-->src\main\AndroidManifest.xml:256:9-262:57
265            android:name="org.mark.moonmeet.CameraActivity"
265-->src\main\AndroidManifest.xml:257:13-43
266            android:configChanges="orientation|screenSize|keyboardHidden|smallestScreenSize|screenLayout"
266-->src\main\AndroidManifest.xml:258:13-106
267            android:hardwareAccelerated="true"
267-->src\main\AndroidManifest.xml:259:13-47
268            android:screenOrientation="fullSensor"
268-->src\main\AndroidManifest.xml:260:13-51
269            android:supportsPictureInPicture="true"
269-->src\main\AndroidManifest.xml:261:13-52
270            android:windowSoftInputMode="stateHidden" />
270-->src\main\AndroidManifest.xml:262:13-54
271        <activity
271-->src\main\AndroidManifest.xml:263:9-269:57
272            android:name="org.mark.moonmeet.CameraPreviewActivity"
272-->src\main\AndroidManifest.xml:264:13-50
273            android:configChanges="orientation|screenSize|keyboardHidden|smallestScreenSize|screenLayout"
273-->src\main\AndroidManifest.xml:265:13-106
274            android:hardwareAccelerated="true"
274-->src\main\AndroidManifest.xml:266:13-47
275            android:screenOrientation="fullSensor"
275-->src\main\AndroidManifest.xml:267:13-51
276            android:supportsPictureInPicture="true"
276-->src\main\AndroidManifest.xml:268:13-52
277            android:windowSoftInputMode="stateHidden" />
277-->src\main\AndroidManifest.xml:269:13-54
278        <activity
278-->src\main\AndroidManifest.xml:270:9-276:57
279            android:name="org.mark.moonmeet.ImagePickerActivity"
279-->src\main\AndroidManifest.xml:271:13-48
280            android:configChanges="orientation|screenSize|keyboardHidden|smallestScreenSize|screenLayout"
280-->src\main\AndroidManifest.xml:272:13-106
281            android:hardwareAccelerated="true"
281-->src\main\AndroidManifest.xml:273:13-47
282            android:screenOrientation="fullSensor"
282-->src\main\AndroidManifest.xml:274:13-51
283            android:supportsPictureInPicture="true"
283-->src\main\AndroidManifest.xml:275:13-52
284            android:windowSoftInputMode="stateHidden" />
284-->src\main\AndroidManifest.xml:276:13-54
285
286        <meta-data
286-->src\main\AndroidManifest.xml:278:9-280:69
287            android:name="com.google.android.gms.version"
287-->src\main\AndroidManifest.xml:279:13-58
288            android:value="@integer/google_play_services_version" />
288-->src\main\AndroidManifest.xml:280:13-66
289
290        <provider
290-->src\main\AndroidManifest.xml:282:9-286:39
291            android:name="com.google.firebase.provider.FirebaseInitProvider"
291-->src\main\AndroidManifest.xml:283:13-77
292            android:authorities="org.mark.moonmeet.firebaseinitprovider"
292-->src\main\AndroidManifest.xml:284:13-73
293            android:directBootAware="true"
293-->[com.google.firebase:firebase-common:19.5.0] AndroidManifest.xml:29:13-43
294            android:exported="false"
294-->src\main\AndroidManifest.xml:285:13-37
295            android:initOrder="100" />
295-->src\main\AndroidManifest.xml:286:13-36
296
297        <service
297-->src\main\AndroidManifest.xml:288:9-300:19
298            android:name="com.google.firebase.components.ComponentDiscoveryService"
298-->src\main\AndroidManifest.xml:289:13-84
299            android:directBootAware="true"
299-->[com.google.firebase:firebase-common:19.5.0] AndroidManifest.xml:35:13-43
300            android:exported="false" >
300-->src\main\AndroidManifest.xml:290:13-37
301            <meta-data
301-->src\main\AndroidManifest.xml:291:13-293:85